[2025-05-21 17:26:56] Script started - GET request
[2025-05-21 17:26:56] Auth header: Bearer c64261a464cd9...
[2025-05-21 17:26:56] Token extracted: c64261a464...
[2025-05-21 17:26:56] Connecting to Redis...
[2025-05-21 17:26:56] Redis connected successfully
[2025-05-21 17:26:56] User ID from token: 6
[2025-05-21 17:26:56] Connecting to MySQL...
[2025-05-21 17:26:56] MySQL connected successfully
[2025-05-21 17:26:56] Connecting to MongoDB...
[2025-05-21 17:27:20] Script started - GET request
[2025-05-21 17:27:20] Auth header: Bearer 5df2108526917...
[2025-05-21 17:27:20] Token extracted: 5df2108526...
[2025-05-21 17:27:20] Connecting to Redis...
[2025-05-21 17:27:20] Redis connected successfully
[2025-05-21 17:27:20] User ID from token: 6
[2025-05-21 17:27:20] Connecting to MySQL...
[2025-05-21 17:27:20] MySQL connected successfully
[2025-05-21 17:27:20] Connecting to MongoDB...
[2025-05-21 17:27:51] Script started - POST request
[2025-05-21 17:27:51] Auth header: Bearer 5df2108526917...
[2025-05-21 17:27:51] Token extracted: 5df2108526...
[2025-05-21 17:27:51] Connecting to Redis...
[2025-05-21 17:27:51] Redis connected successfully
[2025-05-21 17:27:51] User ID from token: 6
[2025-05-21 17:27:51] Connecting to MySQL...
[2025-05-21 17:27:51] MySQL connected successfully
[2025-05-21 17:27:51] Connecting to MongoDB...
[2025-05-21 17:29:16] Script started - GET request
[2025-05-21 17:29:16] Auth header: Bearer 5df2108526917...
[2025-05-21 17:29:16] Token extracted: 5df2108526...
[2025-05-21 17:29:16] Connecting to Redis...
[2025-05-21 17:29:16] Redis connected successfully
[2025-05-21 17:29:16] User ID from token: 6
[2025-05-21 17:29:16] Connecting to MySQL...
[2025-05-21 17:29:16] MySQL connected successfully
[2025-05-21 17:29:16] Connecting to MongoDB...
[2025-05-21 17:56:56] Script started - GET request
[2025-05-21 17:56:56] Auth header: Bearer 5df2108526917...
[2025-05-21 17:56:56] Token extracted: 5df2108526...
[2025-05-21 17:56:56] Connecting to Redis...
[2025-05-21 17:56:56] Redis connected successfully
[2025-05-21 17:56:56] User ID from token: 6
[2025-05-21 17:56:56] Connecting to MySQL...
[2025-05-21 17:56:57] MySQL connected successfully
[2025-05-21 17:56:57] Connecting to MongoDB...
[2025-05-21 17:57:17] Script started - DELETE request
[2025-05-21 17:57:17] Auth header: Bearer 5df2108526917...
[2025-05-21 17:57:17] Token extracted: 5df2108526...
[2025-05-21 17:57:17] Connecting to Redis...
[2025-05-21 17:57:17] Redis connected successfully
[2025-05-21 17:57:17] User ID from token: 6
[2025-05-21 17:57:17] Connecting to MySQL...
[2025-05-21 17:57:17] MySQL connected successfully
[2025-05-21 17:57:17] Connecting to MongoDB...
[2025-05-21 18:01:41] Script started - GET request
[2025-05-21 18:01:41] Auth header: Bearer 5df2108526917...
[2025-05-21 18:01:41] Token extracted: 5df2108526...
[2025-05-21 18:01:41] Connecting to Redis...
[2025-05-21 18:01:41] Redis connected successfully
[2025-05-21 18:01:41] User ID from token: 6
[2025-05-21 18:01:41] Connecting to MySQL...
[2025-05-21 18:01:41] MySQL connected successfully
[2025-05-21 18:01:41] Checking for MongoDB library...
[2025-05-21 18:01:41] MongoDB library loaded via Composer autoload
[2025-05-21 18:01:41] Connecting to MongoDB at mongodb://localhost:27017...
[2025-05-21 18:01:41] Selecting database: user_profiles
[2025-05-21 18:01:41] MongoDB connected and database selected successfully
[2025-05-21 18:01:41] Processing GET request
[2025-05-21 18:01:41] Fetching user profile for ID: 6
[2025-05-21 18:01:42] User found in MySQL: {"username":"test6","email":"test6@gmail.com"}
[2025-05-21 18:01:42] MongoDB profile data: Found
[2025-05-21 18:01:42] Sending profile data: {"username":"test6","email":"test6@gmail.com","age":null,"dob":null,"contact":null}
[2025-05-21 18:01:42] Script completed
[2025-05-21 18:01:57] Script started - GET request
[2025-05-21 18:01:57] Auth header: Bearer 5df2108526917...
[2025-05-21 18:01:57] Token extracted: 5df2108526...
[2025-05-21 18:01:57] Connecting to Redis...
[2025-05-21 18:01:57] Redis connected successfully
[2025-05-21 18:01:57] User ID from token: 6
[2025-05-21 18:01:57] Connecting to MySQL...
[2025-05-21 18:01:57] MySQL connected successfully
[2025-05-21 18:01:57] Checking for MongoDB library...
[2025-05-21 18:01:57] MongoDB library loaded via Composer autoload
[2025-05-21 18:01:57] Connecting to MongoDB at mongodb://localhost:27017...
[2025-05-21 18:01:57] Selecting database: user_profiles
[2025-05-21 18:01:57] MongoDB connected and database selected successfully
[2025-05-21 18:01:57] Processing GET request
[2025-05-21 18:01:57] Fetching user profile for ID: 6
[2025-05-21 18:01:57] User found in MySQL: {"username":"test6","email":"test6@gmail.com"}
[2025-05-21 18:01:57] MongoDB profile data: Found
[2025-05-21 18:01:57] Sending profile data: {"username":"test6","email":"test6@gmail.com","age":null,"dob":null,"contact":null}
[2025-05-21 18:01:57] Script completed
[2025-05-21 18:02:20] Script started - DELETE request
[2025-05-21 18:02:20] Auth header: Bearer 5df2108526917...
[2025-05-21 18:02:20] Token extracted: 5df2108526...
[2025-05-21 18:02:20] Connecting to Redis...
[2025-05-21 18:02:20] Redis connected successfully
[2025-05-21 18:02:20] User ID from token: 6
[2025-05-21 18:02:20] Connecting to MySQL...
[2025-05-21 18:02:20] MySQL connected successfully
[2025-05-21 18:02:20] Checking for MongoDB library...
[2025-05-21 18:02:20] MongoDB library loaded via Composer autoload
[2025-05-21 18:02:20] Connecting to MongoDB at mongodb://localhost:27017...
[2025-05-21 18:02:20] Selecting database: user_profiles
[2025-05-21 18:02:20] MongoDB connected and database selected successfully
[2025-05-21 18:02:20] Processing DELETE request
[2025-05-21 18:02:20] Logging out user, deleting token from Redis
[2025-05-21 18:02:20] Redis del result: Success
[2025-05-21 18:02:20] Script completed
[2025-05-21 18:02:33] Script started - GET request
[2025-05-21 18:02:33] Auth header: Bearer 23e45ed6a21d3...
[2025-05-21 18:02:33] Token extracted: 23e45ed6a2...
[2025-05-21 18:02:33] Connecting to Redis...
[2025-05-21 18:02:33] Redis connected successfully
[2025-05-21 18:02:33] User ID from token: 6
[2025-05-21 18:02:33] Connecting to MySQL...
[2025-05-21 18:02:33] MySQL connected successfully
[2025-05-21 18:02:33] Checking for MongoDB library...
[2025-05-21 18:02:33] MongoDB library loaded via Composer autoload
[2025-05-21 18:02:33] Connecting to MongoDB at mongodb://localhost:27017...
[2025-05-21 18:02:33] Selecting database: user_profiles
[2025-05-21 18:02:33] MongoDB connected and database selected successfully
[2025-05-21 18:02:33] Processing GET request
[2025-05-21 18:02:33] Fetching user profile for ID: 6
[2025-05-21 18:02:33] User found in MySQL: {"username":"test6","email":"test6@gmail.com"}
[2025-05-21 18:02:33] MongoDB profile data: Found
[2025-05-21 18:02:33] Sending profile data: {"username":"test6","email":"test6@gmail.com","age":null,"dob":null,"contact":null}
[2025-05-21 18:02:33] Script completed
[2025-05-21 18:03:06] Script started - POST request
[2025-05-21 18:03:06] Auth header: Bearer 23e45ed6a21d3...
[2025-05-21 18:03:06] Token extracted: 23e45ed6a2...
[2025-05-21 18:03:06] Connecting to Redis...
[2025-05-21 18:03:06] Redis connected successfully
[2025-05-21 18:03:06] User ID from token: 6
[2025-05-21 18:03:06] Connecting to MySQL...
[2025-05-21 18:03:06] MySQL connected successfully
[2025-05-21 18:03:06] Checking for MongoDB library...
[2025-05-21 18:03:06] MongoDB library loaded via Composer autoload
[2025-05-21 18:03:06] Connecting to MongoDB at mongodb://localhost:27017...
[2025-05-21 18:03:06] Selecting database: user_profiles
[2025-05-21 18:03:06] MongoDB connected and database selected successfully
[2025-05-21 18:03:06] Processing POST request
[2025-05-21 18:03:06] Updating profile for user ID: 6
[2025-05-21 18:03:06] Received input data: {"age":"22","dob":"2003-02-21","contact":"5698741235"}
[2025-05-21 18:03:06] Converted date to MongoDB format
[2025-05-21 18:03:06] Existing profile: Found
[2025-05-21 18:03:06] Updating profile with data: {"age":22,"contact":"5698741235","updated_at":{"$date":{"$numberLong":"1747843386218"}},"dob":{"$date":{"$numberLong":"1045782000000"}}}
[2025-05-21 18:03:06] Update result - Modified: 1, Matched: 1
[2025-05-21 18:03:06] Script completed
[2025-05-21 18:03:06] Script started - GET request
[2025-05-21 18:03:06] Auth header: Bearer 23e45ed6a21d3...
[2025-05-21 18:03:06] Token extracted: 23e45ed6a2...
[2025-05-21 18:03:06] Connecting to Redis...
[2025-05-21 18:03:06] Redis connected successfully
[2025-05-21 18:03:06] User ID from token: 6
[2025-05-21 18:03:06] Connecting to MySQL...
[2025-05-21 18:03:06] MySQL connected successfully
[2025-05-21 18:03:06] Checking for MongoDB library...
[2025-05-21 18:03:06] MongoDB library loaded via Composer autoload
[2025-05-21 18:03:06] Connecting to MongoDB at mongodb://localhost:27017...
[2025-05-21 18:03:06] Selecting database: user_profiles
[2025-05-21 18:03:06] MongoDB connected and database selected successfully
[2025-05-21 18:03:06] Processing GET request
[2025-05-21 18:03:06] Fetching user profile for ID: 6
[2025-05-21 18:03:06] User found in MySQL: {"username":"test6","email":"test6@gmail.com"}
[2025-05-21 18:03:06] MongoDB profile data: Found
[2025-05-21 18:03:06] Converted MongoDB date to: 2003-02-20
[2025-05-21 18:03:06] Sending profile data: {"username":"test6","email":"test6@gmail.com","age":22,"dob":"2003-02-20","contact":"5698741235"}
[2025-05-21 18:03:06] Script completed
[2025-05-21 18:09:09] Script started - GET request
[2025-05-21 18:09:09] Auth header: Bearer 23e45ed6a21d3...
[2025-05-21 18:09:09] Token extracted: 23e45ed6a2...
[2025-05-21 18:09:09] Connecting to Redis...
[2025-05-21 18:09:09] Redis connected successfully
[2025-05-21 18:09:09] User ID from token: 6
[2025-05-21 18:09:09] Connecting to MySQL...
[2025-05-21 18:09:10] MySQL connected successfully
[2025-05-21 18:09:10] Checking for MongoDB library...
[2025-05-21 18:09:10] MongoDB library loaded via Composer autoload
[2025-05-21 18:09:10] Connecting to MongoDB at mongodb://localhost:27017...
[2025-05-21 18:09:10] Selecting database: user_profiles
[2025-05-21 18:09:10] MongoDB connected and database selected successfully
[2025-05-21 18:09:10] Processing GET request
[2025-05-21 18:09:10] Fetching user profile for ID: 6
[2025-05-21 18:09:10] User found in MySQL: {"username":"test6","email":"test6@gmail.com"}
[2025-05-21 18:09:10] MongoDB profile data: Found
[2025-05-21 18:09:10] Converted MongoDB date to: 2003-02-20
[2025-05-21 18:09:10] Sending profile data: {"username":"test6","email":"test6@gmail.com","age":22,"dob":"2003-02-20","contact":"5698741235"}
[2025-05-21 18:09:10] Script completed
[2025-05-21 18:09:18] Script started - DELETE request
[2025-05-21 18:09:18] Auth header: Bearer 23e45ed6a21d3...
[2025-05-21 18:09:18] Token extracted: 23e45ed6a2...
[2025-05-21 18:09:18] Connecting to Redis...
[2025-05-21 18:09:18] Redis connected successfully
[2025-05-21 18:09:18] User ID from token: 6
[2025-05-21 18:09:18] Connecting to MySQL...
[2025-05-21 18:09:18] MySQL connected successfully
[2025-05-21 18:09:18] Checking for MongoDB library...
[2025-05-21 18:09:18] MongoDB library loaded via Composer autoload
[2025-05-21 18:09:18] Connecting to MongoDB at mongodb://localhost:27017...
[2025-05-21 18:09:18] Selecting database: user_profiles
[2025-05-21 18:09:18] MongoDB connected and database selected successfully
[2025-05-21 18:09:18] Processing DELETE request
[2025-05-21 18:09:18] Logging out user, deleting token from Redis
[2025-05-21 18:09:18] Redis del result: Success
[2025-05-21 18:09:18] Script completed
[2025-05-21 18:09:29] Script started - GET request
[2025-05-21 18:09:29] Auth header: Bearer 8f39a51c57a53...
[2025-05-21 18:09:29] Token extracted: 8f39a51c57...
[2025-05-21 18:09:29] Connecting to Redis...
[2025-05-21 18:09:29] Redis connected successfully
[2025-05-21 18:09:29] User ID from token: 6
[2025-05-21 18:09:29] Connecting to MySQL...
[2025-05-21 18:09:29] MySQL connected successfully
[2025-05-21 18:09:29] Checking for MongoDB library...
[2025-05-21 18:09:29] MongoDB library loaded via Composer autoload
[2025-05-21 18:09:29] Connecting to MongoDB at mongodb://localhost:27017...
[2025-05-21 18:09:29] Selecting database: user_profiles
[2025-05-21 18:09:30] MongoDB connected and database selected successfully
[2025-05-21 18:09:30] Processing GET request
[2025-05-21 18:09:30] Fetching user profile for ID: 6
[2025-05-21 18:09:30] User found in MySQL: {"username":"test6","email":"test6@gmail.com"}
[2025-05-21 18:09:30] MongoDB profile data: Found
[2025-05-21 18:09:30] Converted MongoDB date to: 2003-02-20
[2025-05-21 18:09:30] Sending profile data: {"username":"test6","email":"test6@gmail.com","age":22,"dob":"2003-02-20","contact":"5698741235"}
[2025-05-21 18:09:30] Script completed
[2025-05-21 19:34:48] Script started - DELETE request
[2025-05-21 19:34:48] Auth header: Bearer 8f39a51c57a53...
[2025-05-21 19:34:48] Token extracted: 8f39a51c57...
[2025-05-21 19:34:48] Connecting to Redis...
[2025-05-21 19:34:48] Redis connected successfully
[2025-05-21 19:34:48] User ID from token: 6
[2025-05-21 19:34:48] Connecting to MySQL...
[2025-05-21 19:34:49] MySQL connected successfully
[2025-05-21 19:34:49] Checking for MongoDB library...
[2025-05-21 19:34:49] MongoDB library loaded via Composer autoload
[2025-05-21 19:34:49] Connecting to MongoDB at mongodb://localhost:27017...
[2025-05-21 19:34:49] Selecting database: user_profiles
[2025-05-21 19:34:49] MongoDB connected and database selected successfully
[2025-05-21 19:34:49] Processing DELETE request
[2025-05-21 19:34:49] Logging out user, deleting token from Redis
[2025-05-21 19:34:49] Redis del result: Success
[2025-05-21 19:34:49] Script completed
[2025-05-21 19:40:39] Script started - GET request
[2025-05-21 19:40:39] Auth header: Bearer 474b121943ea9...
[2025-05-21 19:40:39] Token extracted: 474b121943...
[2025-05-21 19:40:39] Connecting to Redis...
[2025-05-21 19:40:39] Redis connected successfully
[2025-05-21 19:40:39] User ID from token: 6
[2025-05-21 19:40:39] Connecting to MySQL...
[2025-05-21 19:40:39] MySQL connected successfully
[2025-05-21 19:40:39] Checking for MongoDB library...
[2025-05-21 19:40:39] MongoDB library loaded via Composer autoload
[2025-05-21 19:40:39] Connecting to MongoDB at mongodb://localhost:27017...
[2025-05-21 19:40:39] Selecting database: user_profiles
[2025-05-21 19:40:39] MongoDB connected and database selected successfully
[2025-05-21 19:40:39] Processing GET request
[2025-05-21 19:40:39] Fetching user profile for ID: 6
[2025-05-21 19:40:39] User found in MySQL: {"username":"test6","email":"test6@gmail.com"}
[2025-05-21 19:40:39] MongoDB profile data: Found
[2025-05-21 19:40:39] Converted MongoDB date to: 2003-02-20
[2025-05-21 19:40:39] Sending profile data: {"username":"test6","email":"test6@gmail.com","age":22,"dob":"2003-02-20","contact":"5698741235"}
[2025-05-21 19:40:39] Script completed
[2025-05-21 19:40:56] Script started - POST request
[2025-05-21 19:40:56] Auth header: Bearer 474b121943ea9...
[2025-05-21 19:40:56] Token extracted: 474b121943...
[2025-05-21 19:40:56] Connecting to Redis...
[2025-05-21 19:40:56] Redis connected successfully
[2025-05-21 19:40:56] User ID from token: 6
[2025-05-21 19:40:56] Connecting to MySQL...
[2025-05-21 19:40:56] MySQL connected successfully
[2025-05-21 19:40:57] Checking for MongoDB library...
[2025-05-21 19:40:57] MongoDB library loaded via Composer autoload
[2025-05-21 19:40:57] Connecting to MongoDB at mongodb://localhost:27017...
[2025-05-21 19:40:57] Selecting database: user_profiles
[2025-05-21 19:40:57] MongoDB connected and database selected successfully
[2025-05-21 19:40:57] Processing POST request
[2025-05-21 19:40:57] Updating profile for user ID: 6
[2025-05-21 19:40:57] Received input data: {"age":"22","dob":"2003-02-20","contact":"5698741238"}
[2025-05-21 19:40:57] Converted date to MongoDB format
[2025-05-21 19:40:57] Existing profile: Found
[2025-05-21 19:40:57] Updating profile with data: {"age":22,"contact":"5698741238","updated_at":{"$date":{"$numberLong":"1747849257102"}},"dob":{"$date":{"$numberLong":"1045695600000"}}}
[2025-05-21 19:40:57] Update result - Modified: 1, Matched: 1
[2025-05-21 19:40:57] Script completed
[2025-05-21 19:41:05] Script started - POST request
[2025-05-21 19:41:05] Auth header: Bearer 474b121943ea9...
[2025-05-21 19:41:05] Token extracted: 474b121943...
[2025-05-21 19:41:05] Connecting to Redis...
[2025-05-21 19:41:05] Redis connected successfully
[2025-05-21 19:41:05] User ID from token: 6
[2025-05-21 19:41:05] Connecting to MySQL...
[2025-05-21 19:41:05] MySQL connected successfully
[2025-05-21 19:41:05] Checking for MongoDB library...
[2025-05-21 19:41:05] MongoDB library loaded via Composer autoload
[2025-05-21 19:41:05] Connecting to MongoDB at mongodb://localhost:27017...
[2025-05-21 19:41:05] Selecting database: user_profiles
[2025-05-21 19:41:05] MongoDB connected and database selected successfully
[2025-05-21 19:41:05] Processing POST request
[2025-05-21 19:41:05] Updating profile for user ID: 6
[2025-05-21 19:41:05] Received input data: {"age":"22","dob":"2003-02-20","contact":"5698741231"}
[2025-05-21 19:41:05] Converted date to MongoDB format
[2025-05-21 19:41:05] Existing profile: Found
[2025-05-21 19:41:05] Updating profile with data: {"age":22,"contact":"5698741231","updated_at":{"$date":{"$numberLong":"1747849265332"}},"dob":{"$date":{"$numberLong":"1045695600000"}}}
[2025-05-21 19:41:05] Update result - Modified: 1, Matched: 1
[2025-05-21 19:41:05] Script completed
[2025-05-21 19:41:13] Script started - DELETE request
[2025-05-21 19:41:13] Auth header: Bearer 474b121943ea9...
[2025-05-21 19:41:13] Token extracted: 474b121943...
[2025-05-21 19:41:13] Connecting to Redis...
[2025-05-21 19:41:13] Redis connected successfully
[2025-05-21 19:41:13] User ID from token: 6
[2025-05-21 19:41:13] Connecting to MySQL...
[2025-05-21 19:41:13] MySQL connected successfully
[2025-05-21 19:41:13] Checking for MongoDB library...
[2025-05-21 19:41:13] MongoDB library loaded via Composer autoload
[2025-05-21 19:41:13] Connecting to MongoDB at mongodb://localhost:27017...
[2025-05-21 19:41:13] Selecting database: user_profiles
[2025-05-21 19:41:13] MongoDB connected and database selected successfully
[2025-05-21 19:41:13] Processing DELETE request
[2025-05-21 19:41:13] Logging out user, deleting token from Redis
[2025-05-21 19:41:13] Redis del result: Success
[2025-05-21 19:41:13] Script completed
